/*C9*/SET SCHEMA PUBLIC
create table ArticleAbstract (id bigint not null, DATE timestamp, GRADE integer, TEXT varchar(255), TITLE varchar(255), URL varchar(255), primary key (id))
DISCONNECT
/*C10*/SET SCHEMA PUBLIC
DISCONNECT
/*C12*/SET SCHEMA PUBLIC
DISCONNECT
/*C13*/SET SCHEMA PUBLIC
DISCONNECT
/*C14*/SET SCHEMA PUBLIC
DISCONNECT
/*C15*/SET SCHEMA PUBLIC
DISCONNECT
/*C16*/SET SCHEMA PUBLIC
INSERT INTO USER VALUES(1,'alf@alf.com','Pedro',TRUE,'Gardelliano','AKF')
COMMIT
DISCONNECT
/*C17*/SET SCHEMA PUBLIC
INSERT INTO USER VALUES(2,'asdasd@asd.com','Pedro',TRUE,'Gardelliano','asdasd')
COMMIT
/*C11*/SET SCHEMA PUBLIC
DISCONNECT
/*C17*/DISCONNECT
